[ERROR] 2019-02-28 15:37:42.895 [main] Database - com.mysql.jdbc.exceptions.jdbc4.MySQLSyntaxErrorException: Access denied for user 'brewmeister'@'localhost' to database 'brewmeister_test'
[ERROR] 2019-02-28 15:42:02.820 [main] Database - com.mysql.jdbc.exceptions.jdbc4.MySQLSyntaxErrorException: Access denied for user 'brewmeister'@'localhost' to database 'brewmeister_test'
[ERROR] 2019-02-28 15:42:46.370 [main] Database - com.mysql.jdbc.exceptions.jdbc4.MySQLSyntaxErrorException: Access denied for user 'brewmeister'@'localhost' to database 'brewmeister_test'
[ERROR] 2019-02-28 15:44:41.144 [main] Database - com.mysql.jdbc.exceptions.jdbc4.MySQLSyntaxErrorException: Access denied for user 'brewmeister'@'localhost' to database 'brewmeister_test'
[ERROR] 2019-02-28 17:30:18.231 [main] Database - com.mysql.jdbc.exceptions.jdbc4.MySQLSyntaxErrorException: Access denied for user 'brewmeister'@'localhost' to database 'brewmeister_test'
[ERROR] 2019-02-28 17:31:24.201 [main] Database - com.mysql.jdbc.exceptions.jdbc4.MySQLSyntaxErrorException: Access denied for user 'brewmeister'@'localhost' to database 'brewmeister_test'
[INFO ] 2019-02-28 17:31:27.479 [main] UserDAOTest - running getByID test
[ERROR] 2019-02-28 17:39:55.426 [main] Database - com.mysql.jdbc.exceptions.jdbc4.MySQLSyntaxErrorException: Access denied for user 'brewmeister'@'localhost' to database 'brewmeister_test'
[ERROR] 2019-02-28 17:58:14.279 [main] Database - com.mysql.jdbc.exceptions.jdbc4.MySQLSyntaxErrorException: Access denied for user 'brewmeister'@'localhost' to database 'brewmeister_test'
[ERROR] 2019-02-28 17:59:10.360 [main] Database - com.mysql.jdbc.exceptions.jdbc4.MySQLSyntaxErrorException: Access denied for user 'brewmeister'@'localhost' to database 'brewmeister_test'
[ERROR] 2019-02-28 18:04:43.493 [main] Database - java.sql.SQLException: Access denied for user 'brewmeister_test'@'localhost' (using password: YES)
[ERROR] 2019-02-28 18:06:18.415 [main] Database - java.sql.SQLException: Access denied for user 'brewmeister_test2'@'localhost' (using password: YES)
[ERROR] 2019-02-28 18:07:12.322 [main] Database - java.sql.SQLException: Access denied for user 'brewmeister_test'@'localhost' (using password: YES)
[ERROR] 2019-02-28 18:08:03.386 [main] Database - java.sql.SQLException: Access denied for user 'brewmeister_test'@'localhost' (using password: YES)
[ERROR] 2019-02-28 18:15:43.920 [main] Database - com.mysql.jdbc.exceptions.jdbc4.MySQLSyntaxErrorException: Table 'brewmeister_test.users' doesn't exist
[ERROR] 2019-03-04 11:02:15.285 [main] Database - com.mysql.jdbc.exceptions.jdbc4.MySQLSyntaxErrorException: Table 'brewmeister_test.users' doesn't exist
[ERROR] 2019-03-04 11:03:23.084 [main] Database - java.sql.SQLException: Column count doesn't match value count at row 1
[ERROR] 2019-03-04 11:04:58.456 [main] Database - com.mysql.jdbc.exceptions.jdbc4.MySQLSyntaxErrorException: You have an error in your SQL syntax; check the manual that corresponds to your MySQL server version for the right syntax to use near '<-- INSERT INTO batches VALUES (1, "Big Slick", "Oatmeal Stout", now(), now(), n' at line 1
[DEBUG] 2019-03-04 11:15:41.251 [main] UserDAOTest - Jose
[DEBUG] 2019-03-04 11:15:41.579 [main] UserDAO - The list of users: [User{id=1, userName='nelly-o', firstName='Neils', lastName='Bohr', zipCode='11122', birthDate=1885-07-10}, User{id=2, userName='BigAl', firstName='Albert', lastName='Einstein', zipCode='11223', birthDate=1879-03-14}, User{id=3, userName='Brauny', firstName='Wernher', lastName='von Braun', zipCode='12233', birthDate=1912-03-23}, User{id=4, userName='uncertain', firstName='Werner-Karl', lastName='Heisenberg', zipCode='12334', birthDate=1901-12-05}]
[INFO ] 2019-03-04 11:15:41.630 [main] UserDAOTest - running getByID test
[DEBUG] 2019-03-04 11:17:26.749 [main] UserDAOTest - Jose
[DEBUG] 2019-03-04 11:17:27.127 [main] UserDAO - The list of users: [User{id=1, userName='nelly-o', firstName='Neils', lastName='Bohr', zipCode='11122', birthDate=1885-07-10}, User{id=2, userName='BigAl', firstName='Albert', lastName='Einstein', zipCode='11223', birthDate=1879-03-14}, User{id=3, userName='Brauny', firstName='Wernher', lastName='von Braun', zipCode='12233', birthDate=1912-03-23}, User{id=4, userName='uncertain', firstName='Werner-Karl', lastName='Heisenberg', zipCode='12334', birthDate=1901-12-05}]
[INFO ] 2019-03-04 11:17:27.166 [main] UserDAOTest - running getByID test
[DEBUG] 2019-03-04 11:18:39.261 [main] UserDAO - The list of users: [User{id=1, userName='nelly-o', firstName='Neils', lastName='Bohr', zipCode='11122', birthDate=1885-07-10}, User{id=2, userName='BigAl', firstName='Albert', lastName='Einstein', zipCode='11223', birthDate=1879-03-14}, User{id=3, userName='Brauny', firstName='Wernher', lastName='von Braun', zipCode='12233', birthDate=1912-03-23}, User{id=4, userName='uncertain', firstName='Werner-Karl', lastName='Heisenberg', zipCode='12334', birthDate=1901-12-05}]
[DEBUG] 2019-03-04 11:19:08.458 [main] UserDAOTest - Jose
[DEBUG] 2019-03-04 11:19:08.726 [main] UserDAO - The list of users: [User{id=1, userName='nelly-o', firstName='Neils', lastName='Bohr', zipCode='11122', birthDate=1885-07-10}, User{id=2, userName='BigAl', firstName='Albert', lastName='Einstein', zipCode='11223', birthDate=1879-03-14}, User{id=3, userName='Brauny', firstName='Wernher', lastName='von Braun', zipCode='12233', birthDate=1912-03-23}, User{id=4, userName='uncertain', firstName='Werner-Karl', lastName='Heisenberg', zipCode='12334', birthDate=1901-12-05}]
[INFO ] 2019-03-04 11:19:08.773 [main] UserDAOTest - running getByID test
[DEBUG] 2019-03-04 11:27:31.092 [main] UserDAOTest - Jose
[DEBUG] 2019-03-04 11:27:31.400 [main] UserDAO - The list of users: [User{id=1, userName='nelly-o', firstName='Neils', lastName='Bohr', zipCode='11122', birthDate=1885-07-10}, User{id=2, userName='BigAl', firstName='Albert', lastName='Einstein', zipCode='11223', birthDate=1879-03-14}, User{id=3, userName='Brauny', firstName='Wernher', lastName='von Braun', zipCode='12233', birthDate=1912-03-23}, User{id=4, userName='uncertain', firstName='Werner-Karl', lastName='Heisenberg', zipCode='12334', birthDate=1901-12-05}]
[INFO ] 2019-03-04 11:27:31.423 [main] UserDAOTest - running getByID test
[DEBUG] 2019-03-04 11:29:12.438 [main] UserDAOTest - Jose
[DEBUG] 2019-03-04 11:29:12.778 [main] UserDAO - The list of users: [User{id=1, userName='nelly-o', firstName='Neils', lastName='Bohr', zipCode='11122', birthDate=1885-07-10}, User{id=2, userName='BigAl', firstName='Albert', lastName='Einstein', zipCode='11223', birthDate=1879-03-14}, User{id=3, userName='Brauny', firstName='Wernher', lastName='von Braun', zipCode='12233', birthDate=1912-03-23}, User{id=4, userName='uncertain', firstName='Werner-Karl', lastName='Heisenberg', zipCode='12334', birthDate=1901-12-05}]
[INFO ] 2019-03-04 11:29:12.795 [main] UserDAOTest - running getByID test
[DEBUG] 2019-03-04 11:34:57.107 [main] UserDAOTest - Jose
[DEBUG] 2019-03-04 11:34:57.479 [main] UserDAO - The list of users: [User{id=1, userName='nelly-o', firstName='Neils', lastName='Bohr', zipCode='11122', birthDate=1885-07-10}, User{id=2, userName='BigAl', firstName='Albert', lastName='Einstein', zipCode='11223', birthDate=1879-03-14}, User{id=3, userName='Brauny', firstName='Wernher', lastName='von Braun', zipCode='12233', birthDate=1912-03-23}, User{id=4, userName='uncertain', firstName='Werner-Karl', lastName='Heisenberg', zipCode='12334', birthDate=1901-12-05}]
[INFO ] 2019-03-04 11:34:57.502 [main] UserDAOTest - running getByID test
[DEBUG] 2019-03-04 11:35:59.412 [main] UserDAOTest - Jose
[DEBUG] 2019-03-04 11:35:59.694 [main] UserDAO - The list of users: [User{id=1, userName='nelly-o', firstName='Neils', lastName='Bohr', zipCode='11122', birthDate=1885-07-10}, User{id=2, userName='BigAl', firstName='Albert', lastName='Einstein', zipCode='11223', birthDate=1879-03-14}, User{id=3, userName='Brauny', firstName='Wernher', lastName='von Braun', zipCode='12233', birthDate=1912-03-23}, User{id=4, userName='uncertain', firstName='Werner-Karl', lastName='Heisenberg', zipCode='12334', birthDate=1901-12-05}]
[INFO ] 2019-03-04 11:35:59.714 [main] UserDAOTest - running getByID test
[DEBUG] 2019-03-04 11:36:48.738 [main] UserDAOTest - Jose
[DEBUG] 2019-03-04 11:36:48.976 [main] UserDAO - The list of users: [User{id=1, userName='nelly-o', firstName='Neils', lastName='Bohr', zipCode='11122', birthDate=1885-07-10}, User{id=2, userName='BigAl', firstName='Albert', lastName='Einstein', zipCode='11223', birthDate=1879-03-14}, User{id=3, userName='Brauny', firstName='Wernher', lastName='von Braun', zipCode='12233', birthDate=1912-03-23}, User{id=4, userName='uncertain', firstName='Werner-Karl', lastName='Heisenberg', zipCode='12334', birthDate=1901-12-05}]
[INFO ] 2019-03-04 11:36:48.998 [main] UserDAOTest - running getByID test
[DEBUG] 2019-03-04 11:37:44.834 [main] UserDAOTest - Jose
[DEBUG] 2019-03-04 11:37:45.145 [main] UserDAO - The list of users: [User{id=1, userName='nelly-o', firstName='Neils', lastName='Bohr', zipCode='11122', birthDate=1885-07-10}, User{id=2, userName='BigAl', firstName='Albert', lastName='Einstein', zipCode='11223', birthDate=1879-03-14}, User{id=3, userName='Brauny', firstName='Wernher', lastName='von Braun', zipCode='12233', birthDate=1912-03-23}, User{id=4, userName='uncertain', firstName='Werner-Karl', lastName='Heisenberg', zipCode='12334', birthDate=1901-12-05}]
[INFO ] 2019-03-04 11:37:45.169 [main] UserDAOTest - running getByID test
